  программа2_2.cpp
C:\Игорь\Универ\Программирование\Лабораторные\Лаб2\программа2_2\программа2_2\программа2_2.cpp(18,33): warning C4474: "printf" : для строки формата передано слишком много аргументов
      C:\Игорь\Универ\Программирование\Лабораторные\Лаб2\программа2_2\программа2_2\программа2_2.cpp(18,33):
      заполнители и их параметры ожидают переменное число аргументов в количестве 0, но было предоставлено 1
  
C:\Игорь\Универ\Программирование\Лабораторные\Лаб2\программа2_2\программа2_2\программа2_2.cpp(21,33): warning C4474: "printf" : для строки формата передано слишком много аргументов
      C:\Игорь\Универ\Программирование\Лабораторные\Лаб2\программа2_2\программа2_2\программа2_2.cpp(21,33):
      заполнители и их параметры ожидают переменное число аргументов в количестве 0, но было предоставлено 1
  
C:\Игорь\Универ\Программирование\Лабораторные\Лаб2\программа2_2\программа2_2\программа2_2.cpp(24,31): warning C4474: "printf" : для строки формата передано слишком много аргументов
      C:\Игорь\Универ\Программирование\Лабораторные\Лаб2\программа2_2\программа2_2\программа2_2.cpp(24,31):
      заполнители и их параметры ожидают переменное число аргументов в количестве 0, но было предоставлено 1
  
C:\Игорь\Универ\Программирование\Лабораторные\Лаб2\программа2_2\программа2_2\программа2_2.cpp(27,31): warning C4474: "printf" : для строки формата передано слишком много аргументов
      C:\Игорь\Универ\Программирование\Лабораторные\Лаб2\программа2_2\программа2_2\программа2_2.cpp(27,31):
      заполнители и их параметры ожидают переменное число аргументов в количестве 0, но было предоставлено 1
  
C:\Игорь\Универ\Программирование\Лабораторные\Лаб2\программа2_2\программа2_2\программа2_2.cpp(30,37): warning C4474: "printf" : для строки формата передано слишком много аргументов
      C:\Игорь\Универ\Программирование\Лабораторные\Лаб2\программа2_2\программа2_2\программа2_2.cpp(30,37):
      заполнители и их параметры ожидают переменное число аргументов в количестве 0, но было предоставлено 1
  
C:\Игорь\Универ\Программирование\Лабораторные\Лаб2\программа2_2\программа2_2\программа2_2.cpp(33,33): warning C4474: "printf" : для строки формата передано слишком много аргументов
      C:\Игорь\Универ\Программирование\Лабораторные\Лаб2\программа2_2\программа2_2\программа2_2.cpp(33,33):
      заполнители и их параметры ожидают переменное число аргументов в количестве 0, но было предоставлено 1
  
  программа2_2.vcxproj -> C:\Игорь\Универ\Программирование\Лабораторные\Лаб2\программа2_2\x64\Debug\программа2_2.exe
